<?xml version="1.0" encoding="UTF-8"?>
<!-- Generated by org.testng.reporters.JUnitXMLReporter -->
<testsuite hostname="BRILAP1480" ignored="0" name="Test" tests="4" failures="0" timestamp="03 Mar 2020 07:37:41 GMT" time="54.085" errors="0">
  <testcase name="Test1" time="8.75" classname="dockerValidationWINMC.chromeTest1"/>
  <testcase name="Test2" time="1.032" classname="dockerValidationWINMC.chromeTest2"/>
  <testcase name="Test3" time="5.595" classname="dockerValidationWINMC.chromeTest3"/>
  <testcase name="Test1" time="14.33" classname="dockerValidationWINMC.firefoxTest1"/>
</testsuite> <!-- Test -->
