<?xml version="1.0" encoding="UTF-8"?>
<!-- Generated by org.testng.reporters.JUnitXMLReporter -->
<testsuite hostname="DESKTOP-SK4CTUO" ignored="0" name="Command line test" tests="10" failures="0" timestamp="2021-07-04T08:56:23 IST" time="0.035" errors="0">
  <testcase name="AppiumTestMethods" time="0.003" classname="testPackage.AppiumTest"/>
  <testcase name="AppiumTestMethodsApps" time="0.0" classname="testPackage.AppiumTest"/>
  <testcase name="AppiumTestMethodsApps1" time="0.0" classname="testPackage.AppiumTest"/>
  <testcase name="RestAPITestMethods" time="0.001" classname="testPackage.RestAPITest"/>
  <testcase name="RestAPITestMethodsApps" time="0.0" classname="testPackage.RestAPITest"/>
  <testcase name="RestAPITestMethodsApps2" time="0.001" classname="testPackage.RestAPITest"/>
  <testcase name="BrowserAutomation" time="0.0" classname="testPackage.SeleniumTest"/>
  <testcase name="BrowserAutomation1" time="0.0" classname="testPackage.SeleniumTest"/>
  <testcase name="BrowserAutomation2" time="0.0" classname="testPackage.SeleniumTest"/>
  <testcase name="BrowserAutomation3" time="0.0" classname="testPackage.SeleniumTest"/>
</testsuite> <!-- Command line test -->
