<?xml version="1.0" encoding="UTF-8"?>
<!-- Generated by org.testng.reporters.JUnitXMLReporter -->
<testsuite hostname="DESKTOP-NHDJ7D7" ignored="0" name="Test" tests="3" failures="0" timestamp="2020-05-26T16:51:38 IST" time="0.071" errors="0">
  <testcase name="AppiumTestMethods" time="0.006" classname="testPackage.AppiumTest"/>
  <testcase name="BrowserAutomation" time="0.0" classname="testPackage.SeleniumTest"/>
  <testcase name="RestAPITestMethods" time="0.0" classname="testPackage.RestAPITest"/>
</testsuite> <!-- Test -->
