<?xml version="1.0" encoding="UTF-8"?>
<testng-results skipped="0" failed="0" ignored="0" total="10" passed="10">
  <reporter-output>
  </reporter-output>
  <suite name="Command line suite" duration-ms="35" started-at="2021-07-04T08:56:23 IST" finished-at="2021-07-04T08:56:23 IST">
    <groups>
    </groups>
    <test name="Command line test" duration-ms="35" started-at="2021-07-04T08:56:23 IST" finished-at="2021-07-04T08:56:23 IST">
      <class name="testPackage.SeleniumTest">
        <test-method status="PASS" signature="BrowserAutomation2()[pri:0, instance:testPackage.SeleniumTest@57536d79]" name="BrowserAutomation2" duration-ms="0" started-at="2021-07-04T08:56:23 IST" finished-at="2021-07-04T08:56:23 IST">
          <reporter-output>
          </reporter-output>
        </test-method> <!-- BrowserAutomation2 -->
        <test-method status="PASS" signature="BrowserAutomation3()[pri:0, instance:testPackage.SeleniumTest@57536d79]" name="BrowserAutomation3" duration-ms="0" started-at="2021-07-04T08:56:23 IST" finished-at="2021-07-04T08:56:23 IST">
          <reporter-output>
          </reporter-output>
        </test-method> <!-- BrowserAutomation3 -->
        <test-method status="PASS" signature="BrowserAutomation()[pri:0, instance:testPackage.SeleniumTest@57536d79]" name="BrowserAutomation" duration-ms="0" started-at="2021-07-04T08:56:23 IST" finished-at="2021-07-04T08:56:23 IST">
          <reporter-output>
          </reporter-output>
        </test-method> <!-- BrowserAutomation -->
        <test-method status="PASS" signature="BrowserAutomation1()[pri:0, instance:testPackage.SeleniumTest@57536d79]" name="BrowserAutomation1" duration-ms="0" started-at="2021-07-04T08:56:23 IST" finished-at="2021-07-04T08:56:23 IST">
          <reporter-output>
          </reporter-output>
        </test-method> <!-- BrowserAutomation1 -->
      </class> <!-- testPackage.SeleniumTest -->
      <class name="testPackage.RestAPITest">
        <test-method status="PASS" signature="RestAPITestMethods()[pri:0, instance:testPackage.RestAPITest@6ddf90b0]" name="RestAPITestMethods" duration-ms="1" started-at="2021-07-04T08:56:23 IST" finished-at="2021-07-04T08:56:23 IST">
          <reporter-output>
          </reporter-output>
        </test-method> <!-- RestAPITestMethods -->
        <test-method status="PASS" signature="RestAPITestMethodsApps()[pri:0, instance:testPackage.RestAPITest@6ddf90b0]" name="RestAPITestMethodsApps" duration-ms="0" started-at="2021-07-04T08:56:23 IST" finished-at="2021-07-04T08:56:23 IST">
          <reporter-output>
          </reporter-output>
        </test-method> <!-- RestAPITestMethodsApps -->
        <test-method status="PASS" signature="RestAPITestMethodsApps2()[pri:0, instance:testPackage.RestAPITest@6ddf90b0]" name="RestAPITestMethodsApps2" duration-ms="1" started-at="2021-07-04T08:56:23 IST" finished-at="2021-07-04T08:56:23 IST">
          <reporter-output>
          </reporter-output>
        </test-method> <!-- RestAPITestMethodsApps2 -->
      </class> <!-- testPackage.RestAPITest -->
      <class name="testPackage.AppiumTest">
        <test-method status="PASS" signature="AppiumTestMethods()[pri:0, instance:testPackage.AppiumTest@2b2948e2]" name="AppiumTestMethods" duration-ms="3" started-at="2021-07-04T08:56:23 IST" finished-at="2021-07-04T08:56:23 IST">
          <reporter-output>
          </reporter-output>
        </test-method> <!-- AppiumTestMethods -->
        <test-method status="PASS" signature="AppiumTestMethodsApps()[pri:0, instance:testPackage.AppiumTest@2b2948e2]" name="AppiumTestMethodsApps" duration-ms="0" started-at="2021-07-04T08:56:23 IST" finished-at="2021-07-04T08:56:23 IST">
          <reporter-output>
          </reporter-output>
        </test-method> <!-- AppiumTestMethodsApps -->
        <test-method status="PASS" signature="AppiumTestMethodsApps1()[pri:0, instance:testPackage.AppiumTest@2b2948e2]" name="AppiumTestMethodsApps1" duration-ms="0" started-at="2021-07-04T08:56:23 IST" finished-at="2021-07-04T08:56:23 IST">
          <reporter-output>
          </reporter-output>
        </test-method> <!-- AppiumTestMethodsApps1 -->
      </class> <!-- testPackage.AppiumTest -->
    </test> <!-- Command line test -->
  </suite> <!-- Command line suite -->
</testng-results>
