<?xml version="1.0" encoding="UTF-8"?>
<testng-results skipped="0" failed="0" ignored="0" total="4" passed="4">
  <reporter-output>
  </reporter-output>
  <suite name="Suite" duration-ms="52129" started-at="2020-03-04T06:25:52Z" finished-at="2020-03-04T06:26:44Z">
    <groups>
    </groups>
    <test name="Test" duration-ms="52129" started-at="2020-03-04T06:25:52Z" finished-at="2020-03-04T06:26:44Z">
      <class name="dockerValidationWINMC.firefoxTest1">
        <test-method status="PASS" signature="Test1()[pri:0, instance:dockerValidationWINMC.firefoxTest1@668bc3d5]" name="Test1" duration-ms="13079" started-at="2020-03-04T11:56:21Z" finished-at="2020-03-04T11:56:34Z">
          <reporter-output>
          </reporter-output>
        </test-method> <!-- Test1 -->
      </class> <!-- dockerValidationWINMC.firefoxTest1 -->
      <class name="dockerValidationWINMC.chromeTest1">
        <test-method status="PASS" signature="startDockerScale()[pri:0, instance:dockerValidationWINMC.chromeTest1@5ebec15]" name="startDockerScale" is-config="true" duration-ms="14308" started-at="2020-03-04T11:55:52Z" finished-at="2020-03-04T11:56:06Z">
          <reporter-output>
          </reporter-output>
        </test-method> <!-- startDockerScale -->
        <test-method status="PASS" signature="Test1()[pri:0, instance:dockerValidationWINMC.chromeTest1@5ebec15]" name="Test1" duration-ms="8005" started-at="2020-03-04T11:56:07Z" finished-at="2020-03-04T11:56:15Z">
          <reporter-output>
          </reporter-output>
        </test-method> <!-- Test1 -->
        <test-method status="PASS" signature="stopDockerDeleteFile()[pri:0, instance:dockerValidationWINMC.chromeTest1@5ebec15]" name="stopDockerDeleteFile" is-config="true" duration-ms="10236" started-at="2020-03-04T11:56:34Z" finished-at="2020-03-04T11:56:44Z">
          <reporter-output>
          </reporter-output>
        </test-method> <!-- stopDockerDeleteFile -->
      </class> <!-- dockerValidationWINMC.chromeTest1 -->
      <class name="dockerValidationWINMC.chromeTest2">
        <test-method status="PASS" signature="Test2()[pri:0, instance:dockerValidationWINMC.chromeTest2@21bcffb5]" name="Test2" duration-ms="1232" started-at="2020-03-04T11:56:15Z" finished-at="2020-03-04T11:56:16Z">
          <reporter-output>
          </reporter-output>
        </test-method> <!-- Test2 -->
      </class> <!-- dockerValidationWINMC.chromeTest2 -->
      <class name="dockerValidationWINMC.chromeTest3">
        <test-method status="PASS" signature="Test3()[pri:0, instance:dockerValidationWINMC.chromeTest3@380fb434]" name="Test3" duration-ms="5216" started-at="2020-03-04T11:56:16Z" finished-at="2020-03-04T11:56:21Z">
          <reporter-output>
          </reporter-output>
        </test-method> <!-- Test3 -->
      </class> <!-- dockerValidationWINMC.chromeTest3 -->
    </test> <!-- Test -->
  </suite> <!-- Suite -->
</testng-results>
