<?xml version="1.0" encoding="UTF-8"?>
<!-- Generated by org.testng.reporters.JUnitXMLReporter -->
<testsuite hostname="BRILAP1480" ignored="0" name="Test" tests="4" failures="0" timestamp="04 Mar 2020 06:26:44 GMT" time="52.129" errors="0">
  <testcase name="Test1" time="8.005" classname="dockerValidationWINMC.chromeTest1"/>
  <testcase name="Test2" time="1.232" classname="dockerValidationWINMC.chromeTest2"/>
  <testcase name="Test3" time="5.216" classname="dockerValidationWINMC.chromeTest3"/>
  <testcase name="Test1" time="13.079" classname="dockerValidationWINMC.firefoxTest1"/>
</testsuite> <!-- Test -->
